{
    "queries": [
        {
            "sl": 3,
            "query": "select section_name, sum(brought_forward) brought_forward, sum(received) received, sum(disposed) disposed,sum(balance) balance, sum(pending_1) pending_1, sum(pending_3) pending_3 from sections s join works w on s.id=w.section_id and w.deleted_at is null and s.deleted_at is null join reports r on s.id=r.section_id and r.month=w.month and r.year=w.year and r.deleted_at is null where  w.month = ? and w.year = ? group by s.section_name",
            "bindings": [
                "04",
                "2024"
            ],
            "final_query": "select section_name, sum(brought_forward) brought_forward, sum(received) received, sum(disposed) disposed,sum(balance) balance, sum(pending_1) pending_1, sum(pending_3) pending_3 from sections s join works w on s.id=w.section_id and w.deleted_at is null and s.deleted_at is null join reports r on s.id=r.section_id and r.month=w.month and r.year=w.year and r.deleted_at is null where  w.month = 04 and w.year = 2024 group by s.section_name",
            "time": 1.01,
            "file": "\/Users\/snehasil\/Work\/IIAU_report\/iiau\/app\/Http\/Controllers\/ReportController.php:98",
            "line": 98
        }
    ],
    "meta": {
        "url": "http:\/\/127.0.0.1:8000\/report\/2024\/04\/consolidated",
        "method": "GET",
        "total_query": 4,
        "total_time": 6.4399999999999995
    }
}